{
  "RSpec": {
    "coverage": {
      "/Users/kevindao/Desktop/SELT/selt_2021_proj_02/spec/rails_helper.rb": {
        "lines": [
          null,
          1,
          1,
          null,
          1,
          1,
          1,
          null,
          null,
          null,
          null,
          null,
          null,
          null,
          null,
          null,
          null,
          null,
          null,
          null,
          null,
          null,
          null,
          null,
          null,
          null,
          1,
          null,
          1,
          null,
          1,
          null,
          null,
          null,
          null,
          1,
          null,
          null,
          null,
          null,
          null,
          null,
          null,
          null,
          null,
          null,
          null,
          null,
          null,
          null,
          1,
          null,
          null,
          null,
          1,
          1,
          1,
          1,
          12,
          0,
          0,
          null,
          12,
          12,
          null,
          12,
          null,
          null,
          null,
          0,
          null,
          null,
          null
        ]
      },
      "/Users/kevindao/Desktop/SELT/selt_2021_proj_02/config/environment.rb": {
        "lines": [
          null,
          1,
          null,
          null,
          1
        ]
      },
      "/Users/kevindao/Desktop/SELT/selt_2021_proj_02/config/application.rb": {
        "lines": [
          1,
          null,
          1,
          null,
          1,
          1,
          1,
          1,
          1,
          1,
          1,
          null,
          null,
          null,
          null,
          1,
          null,
          1,
          1,
          null,
          null,
          null,
          null,
          null,
          null,
          null,
          null,
          null,
          null,
          null,
          null,
          null,
          1,
          null,
          null
        ]
      },
      "/Users/kevindao/Desktop/SELT/selt_2021_proj_02/config/boot.rb": {
        "lines": [
          1,
          null,
          1
        ]
      },
      "/Users/kevindao/Desktop/SELT/selt_2021_proj_02/config/environments/test.rb": {
        "lines": [
          1,
          null,
          null,
          null,
          null,
          null,
          null,
          1,
          null,
          null,
          null,
          null,
          1,
          null,
          null,
          1,
          1,
          null,
          null,
          1,
          1,
          null,
          null,
          1,
          null,
          null,
          1,
          null,
          null,
          null,
          null,
          1,
          null,
          null,
          1,
          null,
          null,
          1,
          null,
          null,
          null,
          1,
          1,
          null,
          null,
          null,
          null,
          null,
          null,
          null,
          null
        ]
      },
      "/Users/kevindao/Desktop/SELT/selt_2021_proj_02/config/initializers/assets.rb": {
        "lines": [
          null,
          null,
          null,
          1,
          1,
          1,
          1,
          1,
          1,
          1,
          1,
          null,
          null,
          null,
          null,
          null,
          null,
          null
        ]
      },
      "/Users/kevindao/Desktop/SELT/selt_2021_proj_02/config/initializers/backtrace_silencers.rb": {
        "lines": [
          null,
          null,
          null,
          null,
          null,
          null,
          null
        ]
      },
      "/Users/kevindao/Desktop/SELT/selt_2021_proj_02/config/initializers/cookies_serializer.rb": {
        "lines": [
          null,
          null,
          1
        ]
      },
      "/Users/kevindao/Desktop/SELT/selt_2021_proj_02/config/initializers/filter_parameter_logging.rb": {
        "lines": [
          null,
          null,
          null,
          1
        ]
      },
      "/Users/kevindao/Desktop/SELT/selt_2021_proj_02/config/initializers/inflections.rb": {
        "lines": [
          null,
          null,
          null,
          null,
          null,
          null,
          null,
          null,
          null,
          null,
          null,
          null,
          null,
          null,
          null,
          null
        ]
      },
      "/Users/kevindao/Desktop/SELT/selt_2021_proj_02/config/initializers/mime_types.rb": {
        "lines": [
          null,
          null,
          null,
          null
        ]
      },
      "/Users/kevindao/Desktop/SELT/selt_2021_proj_02/config/initializers/session_store.rb": {
        "lines": [
          null,
          null,
          1
        ]
      },
      "/Users/kevindao/Desktop/SELT/selt_2021_proj_02/config/initializers/to_time_preserves_timezone.rb": {
        "lines": [
          null,
          null,
          null,
          null,
          null,
          null,
          null,
          null,
          null,
          1
        ]
      },
      "/Users/kevindao/Desktop/SELT/selt_2021_proj_02/config/initializers/wrap_parameters.rb": {
        "lines": [
          null,
          null,
          null,
          null,
          null,
          null,
          1,
          1,
          null,
          null,
          null,
          null,
          null,
          null
        ]
      },
      "/Users/kevindao/Desktop/SELT/selt_2021_proj_02/config/routes.rb": {
        "lines": [
          1,
          1,
          null,
          1,
          null,
          1,
          null,
          1,
          null,
          1,
          null,
          1,
          null,
          1,
          null,
          1,
          null,
          1,
          null,
          1,
          null,
          1,
          null,
          1,
          null,
          1,
          null,
          1,
          null,
          1,
          null,
          1,
          null,
          1,
          null,
          null,
          null,
          1,
          1,
          1,
          1,
          1,
          1,
          1,
          1,
          1,
          1,
          1,
          null,
          null,
          1,
          1,
          1,
          null,
          null,
          null,
          null,
          null,
          null,
          null,
          null,
          null,
          null,
          null,
          null,
          null,
          null,
          null,
          null,
          null,
          null,
          null,
          null,
          null,
          null,
          null,
          null,
          null,
          null,
          null,
          null,
          null,
          null,
          null,
          null,
          null,
          null,
          null,
          null,
          null,
          null,
          null,
          null,
          null,
          null,
          null,
          null,
          null,
          null,
          null,
          null,
          null,
          null,
          null,
          null
        ]
      },
      "/Users/kevindao/Desktop/SELT/selt_2021_proj_02/app/helpers/application_helper.rb": {
        "lines": [
          1,
          null
        ]
      },
      "/Users/kevindao/Desktop/SELT/selt_2021_proj_02/app/helpers/home_helper.rb": {
        "lines": [
          1,
          null
        ]
      },
      "/Users/kevindao/Desktop/SELT/selt_2021_proj_02/app/helpers/users_helper.rb": {
        "lines": [
          1,
          null
        ]
      },
      "/Users/kevindao/Desktop/SELT/selt_2021_proj_02/app/controllers/users_controller.rb": {
        "lines": [
          1,
          1,
          null,
          null,
          null,
          1,
          null,
          3,
          0,
          null,
          null,
          3,
          null,
          3,
          2,
          2,
          2,
          2,
          1,
          1,
          null,
          null,
          1,
          null,
          null,
          null,
          null,
          null,
          1,
          null,
          null,
          1,
          0,
          null,
          null,
          null,
          1,
          null,
          null,
          null,
          1,
          0,
          null,
          0,
          0,
          0,
          0,
          null,
          0,
          0,
          null,
          null,
          null,
          null,
          null,
          null,
          1,
          0,
          0,
          0,
          0,
          null,
          0,
          0,
          null,
          null,
          null,
          null,
          null,
          null,
          1,
          0,
          0,
          0,
          0,
          null,
          null,
          null,
          1,
          null,
          1,
          9,
          9,
          null,
          null,
          null,
          null,
          null,
          null,
          null,
          9,
          5,
          5,
          5,
          null,
          4,
          4,
          4,
          4,
          4,
          4,
          4,
          4,
          4,
          null,
          null,
          null,
          1,
          null,
          null,
          1,
          0,
          null,
          null,
          null,
          1,
          0,
          null,
          null
        ]
      },
      "/Users/kevindao/Desktop/SELT/selt_2021_proj_02/app/controllers/application_controller.rb": {
        "lines": [
          1,
          null,
          null,
          1,
          1,
          null,
          1,
          13,
          null,
          null
        ]
      },
      "/Users/kevindao/Desktop/SELT/selt_2021_proj_02/spec/helpers/home_helper_spec.rb": {
        "lines": [
          1,
          null,
          null,
          null,
          null,
          null,
          null,
          null,
          null,
          null,
          null,
          null,
          1,
          1,
          null
        ]
      },
      "/Users/kevindao/Desktop/SELT/selt_2021_proj_02/spec/helpers/users_helper_spec.rb": {
        "lines": [
          1,
          null,
          null,
          null,
          null,
          null,
          null,
          null,
          null,
          null,
          null,
          null,
          1,
          1,
          null
        ]
      },
      "/Users/kevindao/Desktop/SELT/selt_2021_proj_02/spec/mailers/contact_email_spec.rb": {
        "lines": [
          1,
          null,
          1,
          1,
          null
        ]
      },
      "/Users/kevindao/Desktop/SELT/selt_2021_proj_02/app/mailers/contact_email.rb": {
        "lines": [
          1,
          1,
          1,
          0,
          0,
          0,
          0,
          0,
          null,
          null
        ]
      },
      "/Users/kevindao/Desktop/SELT/selt_2021_proj_02/app/mailers/application_mailer.rb": {
        "lines": [
          1,
          1,
          1,
          null
        ]
      },
      "/Users/kevindao/Desktop/SELT/selt_2021_proj_02/spec/models/admin_spec.rb": {
        "lines": [
          1,
          null,
          1,
          1,
          null
        ]
      },
      "/Users/kevindao/Desktop/SELT/selt_2021_proj_02/app/models/admin.rb": {
        "lines": [
          1,
          null
        ]
      },
      "/Users/kevindao/Desktop/SELT/selt_2021_proj_02/spec/models/district_spec.rb": {
        "lines": [
          1,
          1,
          null,
          1,
          1,
          1,
          1,
          1,
          1,
          1,
          1,
          1,
          null,
          1,
          1,
          1,
          1,
          1,
          1,
          1,
          null,
          null,
          null
        ]
      },
      "/Users/kevindao/Desktop/SELT/selt_2021_proj_02/app/models/district.rb": {
        "lines": [
          1,
          null,
          1,
          2,
          2,
          2,
          2,
          1,
          null,
          2,
          2,
          2,
          2,
          2,
          null,
          null
        ]
      },
      "/Users/kevindao/Desktop/SELT/selt_2021_proj_02/spec/models/event_spec.rb": {
        "lines": [
          1,
          null,
          1,
          1,
          null
        ]
      },
      "/Users/kevindao/Desktop/SELT/selt_2021_proj_02/app/models/event.rb": {
        "lines": [
          1,
          1,
          null
        ]
      },
      "/Users/kevindao/Desktop/SELT/selt_2021_proj_02/spec/models/form_spec.rb": {
        "lines": [
          1,
          null,
          1,
          1,
          null
        ]
      },
      "/Users/kevindao/Desktop/SELT/selt_2021_proj_02/app/models/form.rb": {
        "lines": [
          1,
          null
        ]
      },
      "/Users/kevindao/Desktop/SELT/selt_2021_proj_02/spec/models/inventory_spec.rb": {
        "lines": [
          1,
          null,
          1,
          1,
          null
        ]
      },
      "/Users/kevindao/Desktop/SELT/selt_2021_proj_02/app/models/inventory.rb": {
        "lines": [
          1,
          null
        ]
      },
      "/Users/kevindao/Desktop/SELT/selt_2021_proj_02/spec/models/medication_spec.rb": {
        "lines": [
          1,
          null,
          1,
          1,
          null
        ]
      },
      "/Users/kevindao/Desktop/SELT/selt_2021_proj_02/app/models/medication.rb": {
        "lines": [
          1,
          1,
          null
        ]
      },
      "/Users/kevindao/Desktop/SELT/selt_2021_proj_02/spec/models/nurse_spec.rb": {
        "lines": [
          1,
          null,
          1,
          1,
          null
        ]
      },
      "/Users/kevindao/Desktop/SELT/selt_2021_proj_02/app/models/nurse.rb": {
        "lines": [
          1,
          null
        ]
      },
      "/Users/kevindao/Desktop/SELT/selt_2021_proj_02/spec/models/parent_spec.rb": {
        "lines": [
          1,
          null,
          1,
          1,
          null
        ]
      },
      "/Users/kevindao/Desktop/SELT/selt_2021_proj_02/app/models/parent.rb": {
        "lines": [
          1,
          1,
          null
        ]
      },
      "/Users/kevindao/Desktop/SELT/selt_2021_proj_02/spec/models/student_spec.rb": {
        "lines": [
          1,
          null,
          1,
          1,
          null
        ]
      },
      "/Users/kevindao/Desktop/SELT/selt_2021_proj_02/app/models/student.rb": {
        "lines": [
          1,
          1,
          1,
          1,
          null
        ]
      },
      "/Users/kevindao/Desktop/SELT/selt_2021_proj_02/spec/models/user_spec.rb": {
        "lines": [
          1,
          1,
          null,
          1,
          1,
          1,
          1,
          1,
          1,
          1,
          null,
          1,
          1,
          1,
          1,
          null,
          1,
          1,
          1,
          1,
          1,
          null,
          1,
          1,
          1,
          null,
          null,
          1,
          1,
          1,
          1,
          null,
          1,
          1,
          1,
          null,
          null,
          null
        ]
      },
      "/Users/kevindao/Desktop/SELT/selt_2021_proj_02/app/models/user.rb": {
        "lines": [
          1,
          1,
          9,
          1,
          1,
          1,
          1,
          1,
          1,
          1,
          1,
          null,
          1,
          6,
          null,
          5,
          3,
          3,
          1,
          null,
          2,
          null,
          null,
          2,
          null,
          null,
          null,
          1,
          null,
          1,
          8,
          null,
          null
        ]
      },
      "/Users/kevindao/Desktop/SELT/selt_2021_proj_02/spec/requests/admins_spec.rb": {
        "lines": [

        ]
      },
      "/Users/kevindao/Desktop/SELT/selt_2021_proj_02/spec/requests/districts_spec.rb": {
        "lines": [

        ]
      },
      "/Users/kevindao/Desktop/SELT/selt_2021_proj_02/spec/requests/events_spec.rb": {
        "lines": [

        ]
      },
      "/Users/kevindao/Desktop/SELT/selt_2021_proj_02/spec/requests/forms_spec.rb": {
        "lines": [

        ]
      },
      "/Users/kevindao/Desktop/SELT/selt_2021_proj_02/spec/requests/home_spec.rb": {
        "lines": [
          1,
          null,
          1,
          1,
          1,
          1,
          1,
          null,
          null,
          null,
          null
        ]
      },
      "/Users/kevindao/Desktop/SELT/selt_2021_proj_02/spec/requests/inventories_spec.rb": {
        "lines": [

        ]
      },
      "/Users/kevindao/Desktop/SELT/selt_2021_proj_02/spec/requests/medications_spec.rb": {
        "lines": [

        ]
      },
      "/Users/kevindao/Desktop/SELT/selt_2021_proj_02/spec/requests/nurses_spec.rb": {
        "lines": [

        ]
      },
      "/Users/kevindao/Desktop/SELT/selt_2021_proj_02/spec/requests/parents_spec.rb": {
        "lines": [

        ]
      },
      "/Users/kevindao/Desktop/SELT/selt_2021_proj_02/spec/requests/students_spec.rb": {
        "lines": [

        ]
      },
      "/Users/kevindao/Desktop/SELT/selt_2021_proj_02/spec/requests/users_spec.rb": {
        "lines": [

        ]
      },
      "/Users/kevindao/Desktop/SELT/selt_2021_proj_02/spec/views/home/about.html.erb_spec.rb": {
        "lines": [
          1,
          null,
          1,
          1,
          null
        ]
      },
      "/Users/kevindao/Desktop/SELT/selt_2021_proj_02/spec/views/home/contact.html.erb_spec.rb": {
        "lines": [
          1,
          null,
          1,
          1,
          null
        ]
      },
      "/Users/kevindao/Desktop/SELT/selt_2021_proj_02/spec/views/home/index.html.erb_spec.rb": {
        "lines": [
          1,
          null,
          1,
          1,
          null
        ]
      },
      "/Users/kevindao/Desktop/SELT/selt_2021_proj_02/spec/views/home/medications.html.erb_spec.rb": {
        "lines": [
          1,
          null,
          1,
          1,
          null
        ]
      },
      "/Users/kevindao/Desktop/SELT/selt_2021_proj_02/spec/views/users/login.html.erb_spec.rb": {
        "lines": [
          1,
          null,
          1,
          1,
          null
        ]
      },
      "/Users/kevindao/Desktop/SELT/selt_2021_proj_02/spec/views/users/register.html.erb_spec.rb": {
        "lines": [
          1,
          null,
          1,
          1,
          null
        ]
      },
      "/Users/kevindao/Desktop/SELT/selt_2021_proj_02/app/controllers/home_controller.rb": {
        "lines": [
          1,
          null,
          1,
          1,
          null,
          null,
          1,
          0,
          null,
          null,
          1,
          null,
          null,
          1,
          0,
          null,
          null,
          1,
          0,
          0,
          0,
          0,
          0,
          0,
          0,
          0,
          0,
          0,
          0,
          0,
          null,
          0,
          0,
          0,
          null,
          null,
          null
        ]
      }
    },
    "timestamp": 1637369747
  }
}
